# JRE version: OpenJDK Runtime Environment (8.0_242-b01) (build 1.8.0_242-release-1644-b01)
# Java VM: OpenJDK 64-Bit Server VM (25.242-b01 mixed mode windows-amd64 compressed oops)
Heap:
 PSYoungGen      total 143872K, used 125849K [0x00000000d5580000, 0x00000000df680000, 0x0000000100000000)
  eden space 131584K, 86% used [0x00000000d5580000,0x00000000dc4bfc58,0x00000000dd600000)
  from space 12288K, 97% used [0x00000000dea80000,0x00000000df626a50,0x00000000df680000)
  to   space 15360K, 0% used [0x00000000dd880000,0x00000000dd880000,0x00000000de780000)
 ParOldGen       total 80384K, used 16743K [0x0000000080000000, 0x0000000084e80000, 0x00000000d5580000)
  object space 80384K, 20% used [0x0000000080000000,0x0000000081059ec8,0x0000000084e80000)
 Metaspace       used 50868K, capacity 52732K, committed 52912K, reserved 1095680K
  class space    used 6827K, capacity 7259K, committed 7344K, reserved 1048576K
GC Heap History (10 events):
Event: 15.490 GC heap before
{Heap before GC invocations=6 (full 1):
 PSYoungGen      total 98304K, used 3568K [0x00000000d5580000, 0x00000000dc900000, 0x0000000100000000)
  eden space 94720K, 0% used [0x00000000d5580000,0x00000000d5580000,0x00000000db200000)
  from space 3584K, 99% used [0x00000000db580000,0x00000000db8fc030,0x00000000db900000)
  to   space 11776K, 0% used [0x00000000dbd80000,0x00000000dbd80000,0x00000000dc900000)
 ParOldGen       total 64512K, used 13620K [0x0000000080000000, 0x0000000083f00000, 0x00000000d5580000)
  object space 64512K, 21% used [0x0000000080000000,0x0000000080d4d260,0x0000000083f00000)
 Metaspace       used 20578K, capacity 21236K, committed 21296K, reserved 1067008K
  class space    used 2874K, capacity 3088K, committed 3120K, reserved 1048576K
Event: 15.610 GC heap after
Heap after GC invocations=6 (full 1):
 PSYoungGen      total 98304K, used 0K [0x00000000d5580000, 0x00000000dc900000, 0x0000000100000000)
  eden space 94720K, 0% used [0x00000000d5580000,0x00000000d5580000,0x00000000db200000)
  from space 3584K, 0% used [0x00000000db580000,0x00000000db580000,0x00000000db900000)
  to   space 11776K, 0% used [0x00000000dbd80000,0x00000000dbd80000,0x00000000dc900000)
 ParOldGen       total 58368K, used 14309K [0x0000000080000000, 0x0000000083900000, 0x00000000d5580000)
  object space 58368K, 24% used [0x0000000080000000,0x0000000080df96a8,0x0000000083900000)
 Metaspace       used 20578K, capacity 21236K, committed 21296K, reserved 1067008K
  class space    used 2874K, capacity 3088K, committed 3120K, reserved 1048576K
}
Event: 22.435 GC heap before
{Heap before GC invocations=7 (full 1):
 PSYoungGen      total 98304K, used 94720K [0x00000000d5580000, 0x00000000dc900000, 0x0000000100000000)
  eden space 94720K, 100% used [0x00000000d5580000,0x00000000db200000,0x00000000db200000)
  from space 3584K, 0% used [0x00000000db580000,0x00000000db580000,0x00000000db900000)
  to   space 11776K, 0% used [0x00000000dbd80000,0x00000000dbd80000,0x00000000dc900000)
 ParOldGen       total 58368K, used 14309K [0x0000000080000000, 0x0000000083900000, 0x00000000d5580000)
  object space 58368K, 24% used [0x0000000080000000,0x0000000080df96a8,0x0000000083900000)
 Metaspace       used 30666K, capacity 31392K, committed 31792K, reserved 1077248K
  class space    used 4141K, capacity 4367K, committed 4400K, reserved 1048576K
Event: 22.453 GC heap after
Heap after GC invocations=7 (full 1):
 PSYoungGen      total 104960K, used 10614K [0x00000000d5580000, 0x00000000df880000, 0x0000000100000000)
  eden space 93184K, 0% used [0x00000000d5580000,0x00000000d5580000,0x00000000db080000)
  from space 11776K, 90% used [0x00000000dbd80000,0x00000000dc7ddbe8,0x00000000dc900000)
  to   space 13312K, 0% used [0x00000000db080000,0x00000000db080000,0x00000000dbd80000)
 ParOldGen       total 58368K, used 14317K [0x0000000080000000, 0x0000000083900000, 0x00000000d5580000)
  object space 58368K, 24% used [0x0000000080000000,0x0000000080dfb6a8,0x0000000083900000)
 Metaspace       used 30666K, capacity 31392K, committed 31792K, reserved 1077248K
  class space    used 4141K, capacity 4367K, committed 4400K, reserved 1048576K
}
Event: 24.304 GC heap before
{Heap before GC invocations=8 (full 1):
 PSYoungGen      total 104960K, used 93435K [0x00000000d5580000, 0x00000000df880000, 0x0000000100000000)
  eden space 93184K, 88% used [0x00000000d5580000,0x00000000da661300,0x00000000db080000)
  from space 11776K, 90% used [0x00000000dbd80000,0x00000000dc7ddbe8,0x00000000dc900000)
  to   space 13312K, 0% used [0x00000000db080000,0x00000000db080000,0x00000000dbd80000)
 ParOldGen       total 58368K, used 14317K [0x0000000080000000, 0x0000000083900000, 0x00000000d5580000)
  object space 58368K, 24% used [0x0000000080000000,0x0000000080dfb6a8,0x0000000083900000)
 Metaspace       used 34532K, capacity 35410K, committed 35496K, reserved 1079296K
  class space    used 4731K, capacity 4974K, committed 5040K, reserved 1048576K
Event: 24.317 GC heap after
Heap after GC invocations=8 (full 1):
 PSYoungGen      total 106496K, used 10165K [0x00000000d5580000, 0x00000000df880000, 0x0000000100000000)
  eden space 93184K, 0% used [0x00000000d5580000,0x00000000d5580000,0x00000000db080000)
  from space 13312K, 76% used [0x00000000db080000,0x00000000dba6d6e0,0x00000000dbd80000)
  to   space 14336K, 0% used [0x00000000dea80000,0x00000000dea80000,0x00000000df880000)
 ParOldGen       total 58368K, used 14325K [0x0000000080000000, 0x0000000083900000, 0x00000000d5580000)
  object space 58368K, 24% used [0x0000000080000000,0x0000000080dfd6a8,0x0000000083900000)
 Metaspace       used 34532K, capacity 35410K, committed 35496K, reserved 1079296K
  class space    used 4731K, capacity 4974K, committed 5040K, reserved 1048576K
}
Event: 24.317 GC heap before
{Heap before GC invocations=9 (full 2):
 PSYoungGen      total 106496K, used 10165K [0x00000000d5580000, 0x00000000df880000, 0x0000000100000000)
  eden space 93184K, 0% used [0x00000000d5580000,0x00000000d5580000,0x00000000db080000)
  from space 13312K, 76% used [0x00000000db080000,0x00000000dba6d6e0,0x00000000dbd80000)
  to   space 14336K, 0% used [0x00000000dea80000,0x00000000dea80000,0x00000000df880000)
 ParOldGen       total 58368K, used 14325K [0x0000000080000000, 0x0000000083900000, 0x00000000d5580000)
  object space 58368K, 24% used [0x0000000080000000,0x0000000080dfd6a8,0x0000000083900000)
 Metaspace       used 34532K, capacity 35410K, committed 35496K, reserved 1079296K
  class space    used 4731K, capacity 4974K, committed 5040K, reserved 1048576K
Event: 24.399 GC heap after
Heap after GC invocations=9 (full 2):
 PSYoungGen      total 106496K, used 0K [0x00000000d5580000, 0x00000000df880000, 0x0000000100000000)
  eden space 93184K, 0% used [0x00000000d5580000,0x00000000d5580000,0x00000000db080000)
  from space 13312K, 0% used [0x00000000db080000,0x00000000db080000,0x00000000dbd80000)
  to   space 14336K, 0% used [0x00000000dea80000,0x00000000dea80000,0x00000000df880000)
 ParOldGen       total 80384K, used 16735K [0x0000000080000000, 0x0000000084e80000, 0x00000000d5580000)
  object space 80384K, 20% used [0x0000000080000000,0x0000000081057ec8,0x0000000084e80000)
 Metaspace       used 34532K, capacity 35410K, committed 35496K, reserved 1079296K
  class space    used 4731K, capacity 4974K, committed 5040K, reserved 1048576K
}
Event: 31.270 GC heap before
{Heap before GC invocations=10 (full 2):
 PSYoungGen      total 106496K, used 93184K [0x00000000d5580000, 0x00000000df880000, 0x0000000100000000)
  eden space 93184K, 100% used [0x00000000d5580000,0x00000000db080000,0x00000000db080000)
  from space 13312K, 0% used [0x00000000db080000,0x00000000db080000,0x00000000dbd80000)
  to   space 14336K, 0% used [0x00000000dea80000,0x00000000dea80000,0x00000000df880000)
 ParOldGen       total 80384K, used 16735K [0x0000000080000000, 0x0000000084e80000, 0x00000000d5580000)
  object space 80384K, 20% used [0x0000000080000000,0x0000000081057ec8,0x0000000084e80000)
 Metaspace       used 42799K, capacity 44300K, committed 44592K, reserved 1087488K
  class space    used 5783K, capacity 6128K, committed 6192K, reserved 1048576K
Event: 31.286 GC heap after
Heap after GC invocations=10 (full 2):
 PSYoungGen      total 143872K, used 11930K [0x00000000d5580000, 0x00000000df680000, 0x0000000100000000)
  eden space 131584K, 0% used [0x00000000d5580000,0x00000000d5580000,0x00000000dd600000)
  from space 12288K, 97% used [0x00000000dea80000,0x00000000df626a50,0x00000000df680000)
  to   space 15360K, 0% used [0x00000000dd880000,0x00000000dd880000,0x00000000de780000)
 ParOldGen       total 80384K, used 16743K [0x0000000080000000, 0x0000000084e80000, 0x00000000d5580000)
  object space 80384K, 20% used [0x0000000080000000,0x0000000081059ec8,0x0000000084e80000)
 Metaspace       used 42799K, capacity 44300K, committed 44592K, reserved 1087488K
  class space    used 5783K, capacity 6128K, committed 6192K, reserved 1048576K
}

